Using pre-set license
Built from '2022.3/staging' branch; Version is '2022.3.21f1 (bf09ca542b87) revision 12519882'; Using compiler version '192829333'; Build Type 'Release'
OS: 'Windows 11  (10.0.22631) 64bit Core' Language: 'en' Physical Memory: 16223 MB
BatchMode: 1, IsHumanControllingUs: 0, StartBugReporterOnCrash: 0, Is64bit: 1, IsPro: 1

COMMAND LINE ARGUMENTS:
C:\Program Files\Unity\Hub\Editor\2022.3.21f1\Editor\Unity.exe
-adb2
-batchMode
-noUpm
-name
AssetImportWorker0
-projectPath
C:/Users/Dmytro/Documents/GitHub/Fighting-sim/Fighting sim
-logFile
Logs/AssetImportWorker0.log
-srvPort
65184
Successfully changed project path to: C:/Users/Dmytro/Documents/GitHub/Fighting-sim/Fighting sim
C:/Users/Dmytro/Documents/GitHub/Fighting-sim/Fighting sim
[UnityMemory] Configuration Parameters - Can be set up in boot.config
    "memorysetup-bucket-allocator-granularity=16"
    "memorysetup-bucket-allocator-bucket-count=8"
    "memorysetup-bucket-allocator-block-size=33554432"
    "memorysetup-bucket-allocator-block-count=8"
    "memorysetup-main-allocator-block-size=16777216"
    "memorysetup-thread-allocator-block-size=16777216"
    "memorysetup-gfx-main-allocator-block-size=16777216"
    "memorysetup-gfx-thread-allocator-block-size=16777216"
    "memorysetup-cache-allocator-block-size=4194304"
    "memorysetup-typetree-allocator-block-size=2097152"
    "memorysetup-profiler-bucket-allocator-granularity=16"
    "memorysetup-profiler-bucket-allocator-bucket-count=8"
    "memorysetup-profiler-bucket-allocator-block-size=33554432"
    "memorysetup-profiler-bucket-allocator-block-count=8"
    "memorysetup-profiler-allocator-block-size=16777216"
    "memorysetup-profiler-editor-allocator-block-size=1048576"
    "memorysetup-temp-allocator-size-main=16777216"
    "memorysetup-job-temp-allocator-block-size=2097152"
    "memorysetup-job-temp-allocator-block-size-background=1048576"
    "memorysetup-job-temp-allocator-reduction-small-platforms=262144"
    "memorysetup-allocator-temp-initial-block-size-main=262144"
    "memorysetup-allocator-temp-initial-block-size-worker=262144"
    "memorysetup-temp-allocator-size-background-worker=32768"
    "memorysetup-temp-allocator-size-job-worker=262144"
    "memorysetup-temp-allocator-size-preload-manager=33554432"
    "memorysetup-temp-allocator-size-nav-mesh-worker=65536"
    "memorysetup-temp-allocator-size-audio-worker=65536"
    "memorysetup-temp-allocator-size-cloud-worker=32768"
    "memorysetup-temp-allocator-size-gi-baking-worker=262144"
    "memorysetup-temp-allocator-size-gfx=262144"
Player connection [72548] Host "[IP] 192.168.40.1 [Port] 0 [Flags] 2 [Guid] 138413541 [EditorId] 138413541 [Version] 1048832 [Id] WindowsEditor(7,DESKTOP-H3R54BI) [Debug] 1 [PackageName] WindowsEditor [ProjectName] Editor" joined multi-casting on [225.0.0.222:54997]...

Player connection [72548] Host "[IP] 192.168.40.1 [Port] 0 [Flags] 2 [Guid] 138413541 [EditorId] 138413541 [Version] 1048832 [Id] WindowsEditor(7,DESKTOP-H3R54BI) [Debug] 1 [PackageName] WindowsEditor [ProjectName] Editor" joined alternative multi-casting on [225.0.0.222:34997]...

[Physics::Module] Initialized MultithreadedJobDispatcher with 11 workers.
Refreshing native plugins compatible for Editor in 10.54 ms, found 3 plugins.
Preloading 0 native plugins for Editor in 0.00 ms.
Initialize engine version: 2022.3.21f1 (bf09ca542b87)
[Subsystems] Discovering subsystems at path C:/Program Files/Unity/Hub/Editor/2022.3.21f1/Editor/Data/Resources/UnitySubsystems
[Subsystems] Discovering subsystems at path C:/Users/Dmytro/Documents/GitHub/Fighting-sim/Fighting sim/Assets
GfxDevice: creating device client; threaded=0; jobified=0
Direct3D:
    Version:  Direct3D 11.0 [level 11.1]
    Renderer: NVIDIA GeForce RTX 3070 Laptop GPU (ID=0x24dd)
    Vendor:   NVIDIA
    VRAM:     8020 MB
    Driver:   32.0.15.6636
Initialize mono
Mono path[0] = 'C:/Program Files/Unity/Hub/Editor/2022.3.21f1/Editor/Data/Managed'
Mono path[1] = 'C:/Program Files/Unity/Hub/Editor/2022.3.21f1/Editor/Data/MonoBleedingEdge/lib/mono/unityjit-win32'
Mono config path = 'C:/Program Files/Unity/Hub/Editor/2022.3.21f1/Editor/Data/MonoBleedingEdge/etc'
Using monoOptions --debugger-agent=transport=dt_socket,embedding=1,server=y,suspend=n,address=127.0.0.1:56172
Begin MonoManager ReloadAssembly
Registering precompiled unity dll's ...
Register platform support module: C:/Program Files/Unity/Hub/Editor/2022.3.21f1/Editor/Data/PlaybackEngines/WindowsStandaloneSupport/UnityEditor.WindowsStandalone.Extensions.dll
Registered in 0.011152 seconds.
- Loaded All Assemblies, in  0.497 seconds
Native extension for WindowsStandalone target not found
Mono: successfully reloaded assembly
- Finished resetting the current domain, in  0.360 seconds
Domain Reload Profiling: 855ms
	BeginReloadAssembly (137ms)
		ExecutionOrderSort (0ms)
		DisableScriptedObjects (0ms)
		BackupInstance (0ms)
		ReleaseScriptingObjects (0ms)
		CreateAndSetChildDomain (1ms)
	RebuildCommonClasses (44ms)
	RebuildNativeTypeToScriptingClass (19ms)
	initialDomainReloadingComplete (79ms)
	LoadAllAssembliesAndSetupDomain (214ms)
		LoadAssemblies (135ms)
		RebuildTransferFunctionScriptingTraits (0ms)
		AnalyzeDomain (213ms)
			TypeCache.Refresh (211ms)
				TypeCache.ScanAssembly (188ms)
			ScanForSourceGeneratedMonoScriptInfo (0ms)
			ResolveRequiredComponents (1ms)
	FinalizeReload (361ms)
		ReleaseScriptCaches (0ms)
		RebuildScriptCaches (0ms)
		SetupLoadedEditorAssemblies (286ms)
			LogAssemblyErrors (0ms)
			InitializePlatformSupportModulesInManaged (12ms)
			SetLoadedEditorAssemblies (9ms)
			RefreshPlugins (0ms)
			BeforeProcessingInitializeOnLoad (3ms)
			ProcessInitializeOnLoadAttributes (202ms)
			ProcessInitializeOnLoadMethodAttributes (60ms)
			AfterProcessingInitializeOnLoad (0ms)
			EditorAssembliesLoaded (0ms)
		ExecutionOrderSort2 (0ms)
		AwakeInstancesAfterBackupRestoration (0ms)
========================================================================
Worker process is ready to serve import requests
Begin MonoManager ReloadAssembly
- Loaded All Assemblies, in  0.948 seconds
Refreshing native plugins compatible for Editor in 7.83 ms, found 3 plugins.
Native extension for WindowsStandalone target not found
Mono: successfully reloaded assembly
- Finished resetting the current domain, in  0.807 seconds
Domain Reload Profiling: 1750ms
	BeginReloadAssembly (210ms)
		ExecutionOrderSort (0ms)
		DisableScriptedObjects (6ms)
		BackupInstance (0ms)
		ReleaseScriptingObjects (0ms)
		CreateAndSetChildDomain (24ms)
	RebuildCommonClasses (56ms)
	RebuildNativeTypeToScriptingClass (17ms)
	initialDomainReloadingComplete (75ms)
	LoadAllAssembliesAndSetupDomain (584ms)
		LoadAssemblies (427ms)
		RebuildTransferFunctionScriptingTraits (0ms)
		AnalyzeDomain (287ms)
			TypeCache.Refresh (254ms)
				TypeCache.ScanAssembly (227ms)
			ScanForSourceGeneratedMonoScriptInfo (25ms)
			ResolveRequiredComponents (6ms)
	FinalizeReload (808ms)
		ReleaseScriptCaches (0ms)
		RebuildScriptCaches (0ms)
		SetupLoadedEditorAssemblies (566ms)
			LogAssemblyErrors (0ms)
			InitializePlatformSupportModulesInManaged (11ms)
			SetLoadedEditorAssemblies (4ms)
			RefreshPlugins (0ms)
			BeforeProcessingInitializeOnLoad (77ms)
			ProcessInitializeOnLoadAttributes (432ms)
			ProcessInitializeOnLoadMethodAttributes (29ms)
			AfterProcessingInitializeOnLoad (12ms)
			EditorAssembliesLoaded (0ms)
		ExecutionOrderSort2 (0ms)
		AwakeInstancesAfterBackupRestoration (15ms)
Launched and connected shader compiler UnityShaderCompiler.exe after 0.09 seconds
Refreshing native plugins compatible for Editor in 5.26 ms, found 3 plugins.
Preloading 0 native plugins for Editor in 0.00 ms.
Unloading 3124 Unused Serialized files (Serialized files now loaded: 0)
Unloading 33 unused Assets / (65.5 KB). Loaded Objects now: 3585.
Memory consumption went from 121.6 MB to 121.5 MB.
Total: 7.033100 ms (FindLiveObjects: 0.592800 ms CreateObjectMapping: 0.510300 ms MarkObjects: 5.724300 ms  DeleteObjects: 0.203700 ms)

AssetImportParameters requested are different than current active one (requested -> active):
  custom:container-demuxer-ogg: 62fdf1f143b41e24485cea50d1cbac27 -> 
  custom:video-decoder-ogg-theora: a1e56fd34408186e4bbccfd4996cb3dc -> 
  custom:framework-win-MediaFoundation: 216162199b28c13a410421893ffa2e32 -> 
  custom:CustomObjectIndexerAttribute: 9a22284fe3817be447336de3de66b15e -> 
  custom:container-demuxer-webm: 4f35f7cbe854078d1ac9338744f61a02 -> 
  custom:container-muxer-webm: aa71ff27fc2769a1b78a27578f13a17b -> 
  custom:video-decoder-webm-vp8: 9c59270c3fd7afecdb556c50c9e8de78 -> 
  custom:SearchIndexIgnoredProperties: e643bd26f0fe6173181afceb89e7c659 -> 
  custom:AudioImporter_EditorPlatform: d09bf68614088b80899f8185d706f6e7 -> 
  custom:video-encoder-webm-vp8: eb34c28f22e8b96e1ab97ce403110664 -> 
  custom:audio-decoder-ogg-vorbis: bf7c407c2cedff20999df2af8eb42d56 -> 
  custom:audio-encoder-webm-vorbis: bf7c407c2cedff20999df2af8eb42d56 -> 
========================================================================
Received Import Request.
  Time since last request: 272201.728267 seconds.
  path: Assets/Scalable Grid Prototype Materials/Materials/Gray_Prototype.mat
  artifactKey: Guid(21ca8723c11d2d34abf1e9e595b0942a) Importer(815301076,1909f56bfc062723c751e8b465ee728b)
Start importing Assets/Scalable Grid Prototype Materials/Materials/Gray_Prototype.mat using Guid(21ca8723c11d2d34abf1e9e595b0942a) Importer(815301076,1909f56bfc062723c751e8b465ee728b)  -> (artifact id: '91ea78fbbf3aa05251f6cb01b344131f') in 0.154356 seconds
Number of updated asset objects reloaded before import = 0
Number of asset objects unloaded after import = 3
========================================================================
Received Import Request.
  Time since last request: 0.000026 seconds.
  path: Assets/Scalable Grid Prototype Materials/Materials/Orange_Prototype.mat
  artifactKey: Guid(d78d6cd3137a8824699cde034b4270c0) Importer(815301076,1909f56bfc062723c751e8b465ee728b)
Start importing Assets/Scalable Grid Prototype Materials/Materials/Orange_Prototype.mat using Guid(d78d6cd3137a8824699cde034b4270c0) Importer(815301076,1909f56bfc062723c751e8b465ee728b)  -> (artifact id: 'e85ab7f87e5dada7e5b59e53b32125af') in 0.010701 seconds
Number of updated asset objects reloaded before import = 0
Number of asset objects unloaded after import = 3
========================================================================
Received Import Request.
  Time since last request: 0.000018 seconds.
  path: Assets/Scalable Grid Prototype Materials/Materials/Light_Sea_Green_Prototype.mat
  artifactKey: Guid(40598ecf603ac4d41b1f525da75d9d89) Importer(815301076,1909f56bfc062723c751e8b465ee728b)
Start importing Assets/Scalable Grid Prototype Materials/Materials/Light_Sea_Green_Prototype.mat using Guid(40598ecf603ac4d41b1f525da75d9d89) Importer(815301076,1909f56bfc062723c751e8b465ee728b)  -> (artifact id: 'a4cbe90d6fb05b89b8cff0000433da0a') in 0.012321 seconds
Number of updated asset objects reloaded before import = 0
Number of asset objects unloaded after import = 3
========================================================================
Received Import Request.
  Time since last request: 0.000019 seconds.
  path: Assets/Scalable Grid Prototype Materials/Materials/Green_Prototype.mat
  artifactKey: Guid(efe26027cacc84b409062a6cff9b90c4) Importer(815301076,1909f56bfc062723c751e8b465ee728b)
Start importing Assets/Scalable Grid Prototype Materials/Materials/Green_Prototype.mat using Guid(efe26027cacc84b409062a6cff9b90c4) Importer(815301076,1909f56bfc062723c751e8b465ee728b)  -> (artifact id: 'c04d4a2af7fa7ef5672abb00cdd5b932') in 0.010536 seconds
Number of updated asset objects reloaded before import = 0
Number of asset objects unloaded after import = 3
========================================================================
Received Import Request.
  Time since last request: 0.000016 seconds.
  path: Assets/Scalable Grid Prototype Materials/Materials/White_Prototype.mat
  artifactKey: Guid(81caf0b4f4d2ac74e847cad8de1aa792) Importer(815301076,1909f56bfc062723c751e8b465ee728b)
Start importing Assets/Scalable Grid Prototype Materials/Materials/White_Prototype.mat using Guid(81caf0b4f4d2ac74e847cad8de1aa792) Importer(815301076,1909f56bfc062723c751e8b465ee728b)  -> (artifact id: 'f0bd6ca919496101c32c7e00dc8401ec') in 0.009345 seconds
Number of updated asset objects reloaded before import = 0
Number of asset objects unloaded after import = 3
========================================================================
Received Import Request.
  Time since last request: 0.000017 seconds.
  path: Assets/Scalable Grid Prototype Materials/Materials/Dark_Blue_Prototype.mat
  artifactKey: Guid(88b3961b9a9bd064ebcc2f4cbf42faf0) Importer(815301076,1909f56bfc062723c751e8b465ee728b)
Start importing Assets/Scalable Grid Prototype Materials/Materials/Dark_Blue_Prototype.mat using Guid(88b3961b9a9bd064ebcc2f4cbf42faf0) Importer(815301076,1909f56bfc062723c751e8b465ee728b)  -> (artifact id: '4ab3a2baeced6ccef2b2beee2f06c1a9') in 0.009858 seconds
Number of updated asset objects reloaded before import = 0
Number of asset objects unloaded after import = 3
========================================================================
Received Import Request.
  Time since last request: 0.000023 seconds.
  path: Assets/Scalable Grid Prototype Materials/Materials/Dark_Gray_Prototype.mat
  artifactKey: Guid(2b4f548f427906c468873dfbb5a93fcb) Importer(815301076,1909f56bfc062723c751e8b465ee728b)
Start importing Assets/Scalable Grid Prototype Materials/Materials/Dark_Gray_Prototype.mat using Guid(2b4f548f427906c468873dfbb5a93fcb) Importer(815301076,1909f56bfc062723c751e8b465ee728b)  -> (artifact id: 'ca346322edf5a70f76dc96fd2189fe3f') in 0.010777 seconds
Number of updated asset objects reloaded before import = 0
Number of asset objects unloaded after import = 3
========================================================================
Received Import Request.
  Time since last request: 0.000031 seconds.
  path: Assets/Scalable Grid Prototype Materials/Materials/Red_Prototype.mat
  artifactKey: Guid(6af20d21fdb3e9846be9fcc5368045e6) Importer(815301076,1909f56bfc062723c751e8b465ee728b)
Start importing Assets/Scalable Grid Prototype Materials/Materials/Red_Prototype.mat using Guid(6af20d21fdb3e9846be9fcc5368045e6) Importer(815301076,1909f56bfc062723c751e8b465ee728b)  -> (artifact id: 'e1c6e72d392b2474115a0fb674837057') in 0.009287 seconds
Number of updated asset objects reloaded before import = 0
Number of asset objects unloaded after import = 3
========================================================================
Received Import Request.
  Time since last request: 13.145330 seconds.
  path: Assets/Scalable Grid Prototype Materials/Materials/Ground/DarkGray_Ground_Prototype.mat
  artifactKey: Guid(a459023871c8b4241b88c51d8ab759d7) Importer(815301076,1909f56bfc062723c751e8b465ee728b)
Start importing Assets/Scalable Grid Prototype Materials/Materials/Ground/DarkGray_Ground_Prototype.mat using Guid(a459023871c8b4241b88c51d8ab759d7) Importer(815301076,1909f56bfc062723c751e8b465ee728b)  -> (artifact id: '24983f40dd38fea7161ad8cf1e4da73d') in 0.014377 seconds
Number of updated asset objects reloaded before import = 0
Number of asset objects unloaded after import = 5
========================================================================
Received Import Request.
  Time since last request: 3.135357 seconds.
  path: Assets/Scalable Grid Prototype Materials/Textures/1x1_grid.png
  artifactKey: Guid(3d0e3f5f772629948810acd3051ba57c) Importer(815301076,1909f56bfc062723c751e8b465ee728b)
Start importing Assets/Scalable Grid Prototype Materials/Textures/1x1_grid.png using Guid(3d0e3f5f772629948810acd3051ba57c) Importer(815301076,1909f56bfc062723c751e8b465ee728b)  -> (artifact id: '1d504e654379af3a00a447ded2a0c206') in 0.038789 seconds
Number of updated asset objects reloaded before import = 0
Number of asset objects unloaded after import = 2
========================================================================
Received Import Request.
  Time since last request: 0.000018 seconds.
  path: Assets/Scalable Grid Prototype Materials/Textures/1x1_grid_quarter_lines.png
  artifactKey: Guid(1a495c858e010c4438479ff37c318db9) Importer(815301076,1909f56bfc062723c751e8b465ee728b)
Start importing Assets/Scalable Grid Prototype Materials/Textures/1x1_grid_quarter_lines.png using Guid(1a495c858e010c4438479ff37c318db9) Importer(815301076,1909f56bfc062723c751e8b465ee728b)  -> (artifact id: 'fb47bb3a83e2acc8098d10b3693289d4') in 0.018750 seconds
Number of updated asset objects reloaded before import = 0
Number of asset objects unloaded after import = 2
